Content-Type: multipart/alternative;
 boundary="===============3917701066117034728=="
MIME-Version: 1.0
Subject: Please activate your account
From: asso.gros.calin@gmail.com
To: ['Lucas@gmail.com']
Date: Wed, 05 Jun 2019 23:19:47 -0000
Message-ID: 
 =?utf-8?q?=3C155977678781=2E832=2E10425146809658096693=40Pc-de-R=C3=A9mi=3E?=

--===============3917701066117034728==
Content-Type: text/plain; charset="utf-8"
MIME-Version: 1.0
Content-Transfer-Encoding: 7bit

<h2> Confirmez votre compte </h2>
<p>
	Veuillez confirmer votre email en cliquant sur le lien ci-dessous.	
	<br/>
	<a href="http://127.0.0.1:8000/appCreche/account/activate/THVjYXNAZ21haWwuY29t/56y-637a363d608843b745de"> http://127.0.0.1:8000/appCreche/account/activate/THVjYXNAZ21haWwuY29t/56y-637a363d608843b745de</a> 
</p>


--===============3917701066117034728==
Content-Type: text/html; charset="utf-8"
MIME-Version: 1.0
Content-Transfer-Encoding: 7bit

<h2> Confirmez votre compte </h2>
<p>
	Veuillez confirmer votre email en cliquant sur le lien ci-dessous.	
	<br/>
	<a href="http://127.0.0.1:8000/appCreche/account/activate/THVjYXNAZ21haWwuY29t/56y-637a363d608843b745de"> http://127.0.0.1:8000/appCreche/account/activate/THVjYXNAZ21haWwuY29t/56y-637a363d608843b745de</a> 
</p>


--===============3917701066117034728==--

-------------------------------------------------------------------------------
